<?xml version="1.0" encoding="UTF-8"?>
<testsuite xmlns:xsi="http://www.w3.org/2001/XMLSchema-instance" xsi:noNamespaceSchemaLocation="https://maven.apache.org/surefire/maven-surefire-plugin/xsd/surefire-test-report.xsd" name="com.springboot.demo.test.shiroTest.ShiroTest" time="0.168" tests="1" errors="0" skipped="0" failures="0">
  <properties>
    <property name="gopherProxySet" value="false"/>
    <property name="awt.toolkit" value="sun.lwawt.macosx.LWCToolkit"/>
    <property name="file.encoding.pkg" value="sun.io"/>
    <property name="java.specification.version" value="1.8"/>
    <property name="sun.cpu.isalist" value=""/>
    <property name="sun.jnu.encoding" value="UTF-8"/>
    <property name="java.class.path" value="/Users/zhuyunlong/Documents/work/gmcf/springboot-module/springboot-web-module/target/test-classes:/Users/zhuyunlong/Documents/work/gmcf/springboot-module/springboot-web-module/target/classes:/Users/zhuyunlong/Documents/work/gmcf/springboot-module/springboot-dal-module/target/springboot-dal-module-1.0-SNAPSHOT.jar:/Users/zhuyunlong/Documents/work/tools/m2/org/mybatis/spring/boot/mybatis-spring-boot-starter/2.1.2/mybatis-spring-boot-starter-2.1.2.jar:/Users/zhuyunlong/Documents/work/tools/m2/org/springframework/boot/spring-boot-starter-jdbc/2.3.0.RELEASE/spring-boot-starter-jdbc-2.3.0.RELEASE.jar:/Users/zhuyunlong/Documents/work/tools/m2/com/zaxxer/HikariCP/3.4.5/HikariCP-3.4.5.jar:/Users/zhuyunlong/Documents/work/tools/m2/org/springframework/spring-jdbc/5.2.6.RELEASE/spring-jdbc-5.2.6.RELEASE.jar:/Users/zhuyunlong/Documents/work/tools/m2/org/mybatis/spring/boot/mybatis-spring-boot-autoconfigure/2.1.2/mybatis-spring-boot-autoconfigure-2.1.2.jar:/Users/zhuyunlong/Documents/work/tools/m2/org/mybatis/mybatis/3.5.4/mybatis-3.5.4.jar:/Users/zhuyunlong/Documents/work/tools/m2/org/mybatis/mybatis-spring/2.0.4/mybatis-spring-2.0.4.jar:/Users/zhuyunlong/Documents/work/tools/m2/com/alibaba/druid/1.1.22/druid-1.1.22.jar:/Users/zhuyunlong/Documents/work/tools/m2/mysql/mysql-connector-java/8.0.20/mysql-connector-java-8.0.20.jar:/Users/zhuyunlong/Documents/work/tools/m2/org/mybatis/generator/mybatis-generator-core/1.3.5/mybatis-generator-core-1.3.5.jar:/Users/zhuyunlong/Documents/work/gmcf/springboot-module/springboot-utils-module/target/springboot-utils-module-1.0-SNAPSHOT.jar:/Users/zhuyunlong/Documents/work/gmcf/springboot-module/springboot-service-module/target/springboot-service-module-1.0-SNAPSHOT.jar:/Users/zhuyunlong/Documents/work/tools/m2/org/springframework/boot/spring-boot-starter-cache/2.3.0.RELEASE/spring-boot-starter-cache-2.3.0.RELEASE.jar:/Users/zhuyunlong/Documents/work/tools/m2/org/springframework/spring-context-support/5.2.6.RELEASE/spring-context-support-5.2.6.RELEASE.jar:/Users/zhuyunlong/Documents/work/tools/m2/org/springframework/boot/spring-boot-starter-data-redis/2.3.0.RELEASE/spring-boot-starter-data-redis-2.3.0.RELEASE.jar:/Users/zhuyunlong/Documents/work/tools/m2/org/springframework/data/spring-data-redis/2.3.0.RELEASE/spring-data-redis-2.3.0.RELEASE.jar:/Users/zhuyunlong/Documents/work/tools/m2/org/springframework/data/spring-data-keyvalue/2.3.0.RELEASE/spring-data-keyvalue-2.3.0.RELEASE.jar:/Users/zhuyunlong/Documents/work/tools/m2/org/springframework/data/spring-data-commons/2.3.0.RELEASE/spring-data-commons-2.3.0.RELEASE.jar:/Users/zhuyunlong/Documents/work/tools/m2/org/springframework/spring-tx/5.2.6.RELEASE/spring-tx-5.2.6.RELEASE.jar:/Users/zhuyunlong/Documents/work/tools/m2/org/springframework/spring-oxm/5.2.6.RELEASE/spring-oxm-5.2.6.RELEASE.jar:/Users/zhuyunlong/Documents/work/tools/m2/io/lettuce/lettuce-core/5.3.0.RELEASE/lettuce-core-5.3.0.RELEASE.jar:/Users/zhuyunlong/Documents/work/tools/m2/io/netty/netty-common/4.1.49.Final/netty-common-4.1.49.Final.jar:/Users/zhuyunlong/Documents/work/tools/m2/io/netty/netty-handler/4.1.49.Final/netty-handler-4.1.49.Final.jar:/Users/zhuyunlong/Documents/work/tools/m2/io/netty/netty-resolver/4.1.49.Final/netty-resolver-4.1.49.Final.jar:/Users/zhuyunlong/Documents/work/tools/m2/io/netty/netty-buffer/4.1.49.Final/netty-buffer-4.1.49.Final.jar:/Users/zhuyunlong/Documents/work/tools/m2/io/netty/netty-codec/4.1.49.Final/netty-codec-4.1.49.Final.jar:/Users/zhuyunlong/Documents/work/tools/m2/io/netty/netty-transport/4.1.49.Final/netty-transport-4.1.49.Final.jar:/Users/zhuyunlong/Documents/work/tools/m2/io/projectreactor/reactor-core/3.3.5.RELEASE/reactor-core-3.3.5.RELEASE.jar:/Users/zhuyunlong/Documents/work/tools/m2/org/reactivestreams/reactive-streams/1.0.3/reactive-streams-1.0.3.jar:/Users/zhuyunlong/Documents/work/tools/m2/com/fasterxml/jackson/core/jackson-databind/2.11.0/jackson-databind-2.11.0.jar:/Users/zhuyunlong/Documents/work/tools/m2/com/fasterxml/jackson/core/jackson-annotations/2.11.0/jackson-annotations-2.11.0.jar:/Users/zhuyunlong/Documents/work/tools/m2/com/fasterxml/jackson/core/jackson-core/2.11.0/jackson-core-2.11.0.jar:/Users/zhuyunlong/Documents/work/tools/m2/ma/glasnost/orika/orika-core/1.5.4/orika-core-1.5.4.jar:/Users/zhuyunlong/Documents/work/tools/m2/org/javassist/javassist/3.24.0-GA/javassist-3.24.0-GA.jar:/Users/zhuyunlong/Documents/work/tools/m2/com/thoughtworks/paranamer/paranamer/2.8/paranamer-2.8.jar:/Users/zhuyunlong/Documents/work/tools/m2/com/carrotsearch/java-sizeof/0.0.5/java-sizeof-0.0.5.jar:/Users/zhuyunlong/Documents/work/tools/m2/org/codehaus/janino/janino/3.1.2/janino-3.1.2.jar:/Users/zhuyunlong/Documents/work/tools/m2/org/codehaus/janino/commons-compiler/3.1.2/commons-compiler-3.1.2.jar:/Users/zhuyunlong/Documents/work/tools/m2/org/springframework/boot/spring-boot-starter-web/2.3.0.RELEASE/spring-boot-starter-web-2.3.0.RELEASE.jar:/Users/zhuyunlong/Documents/work/tools/m2/org/springframework/boot/spring-boot-starter/2.3.0.RELEASE/spring-boot-starter-2.3.0.RELEASE.jar:/Users/zhuyunlong/Documents/work/tools/m2/org/springframework/boot/spring-boot-starter-logging/2.3.0.RELEASE/spring-boot-starter-logging-2.3.0.RELEASE.jar:/Users/zhuyunlong/Documents/work/tools/m2/ch/qos/logback/logback-classic/1.2.3/logback-classic-1.2.3.jar:/Users/zhuyunlong/Documents/work/tools/m2/ch/qos/logback/logback-core/1.2.3/logback-core-1.2.3.jar:/Users/zhuyunlong/Documents/work/tools/m2/org/apache/logging/log4j/log4j-to-slf4j/2.13.2/log4j-to-slf4j-2.13.2.jar:/Users/zhuyunlong/Documents/work/tools/m2/org/apache/logging/log4j/log4j-api/2.13.2/log4j-api-2.13.2.jar:/Users/zhuyunlong/Documents/work/tools/m2/org/slf4j/jul-to-slf4j/1.7.30/jul-to-slf4j-1.7.30.jar:/Users/zhuyunlong/Documents/work/tools/m2/jakarta/annotation/jakarta.annotation-api/1.3.5/jakarta.annotation-api-1.3.5.jar:/Users/zhuyunlong/Documents/work/tools/m2/org/springframework/spring-core/5.2.6.RELEASE/spring-core-5.2.6.RELEASE.jar:/Users/zhuyunlong/Documents/work/tools/m2/org/springframework/spring-jcl/5.2.6.RELEASE/spring-jcl-5.2.6.RELEASE.jar:/Users/zhuyunlong/Documents/work/tools/m2/org/yaml/snakeyaml/1.26/snakeyaml-1.26.jar:/Users/zhuyunlong/Documents/work/tools/m2/org/springframework/boot/spring-boot-starter-json/2.3.0.RELEASE/spring-boot-starter-json-2.3.0.RELEASE.jar:/Users/zhuyunlong/Documents/work/tools/m2/com/fasterxml/jackson/datatype/jackson-datatype-jdk8/2.11.0/jackson-datatype-jdk8-2.11.0.jar:/Users/zhuyunlong/Documents/work/tools/m2/com/fasterxml/jackson/datatype/jackson-datatype-jsr310/2.11.0/jackson-datatype-jsr310-2.11.0.jar:/Users/zhuyunlong/Documents/work/tools/m2/com/fasterxml/jackson/module/jackson-module-parameter-names/2.11.0/jackson-module-parameter-names-2.11.0.jar:/Users/zhuyunlong/Documents/work/tools/m2/org/springframework/boot/spring-boot-starter-tomcat/2.3.0.RELEASE/spring-boot-starter-tomcat-2.3.0.RELEASE.jar:/Users/zhuyunlong/Documents/work/tools/m2/org/apache/tomcat/embed/tomcat-embed-core/9.0.35/tomcat-embed-core-9.0.35.jar:/Users/zhuyunlong/Documents/work/tools/m2/org/glassfish/jakarta.el/3.0.3/jakarta.el-3.0.3.jar:/Users/zhuyunlong/Documents/work/tools/m2/org/apache/tomcat/embed/tomcat-embed-websocket/9.0.35/tomcat-embed-websocket-9.0.35.jar:/Users/zhuyunlong/Documents/work/tools/m2/org/springframework/spring-web/5.2.6.RELEASE/spring-web-5.2.6.RELEASE.jar:/Users/zhuyunlong/Documents/work/tools/m2/org/springframework/spring-beans/5.2.6.RELEASE/spring-beans-5.2.6.RELEASE.jar:/Users/zhuyunlong/Documents/work/tools/m2/org/springframework/spring-webmvc/5.2.6.RELEASE/spring-webmvc-5.2.6.RELEASE.jar:/Users/zhuyunlong/Documents/work/tools/m2/org/springframework/spring-aop/5.2.6.RELEASE/spring-aop-5.2.6.RELEASE.jar:/Users/zhuyunlong/Documents/work/tools/m2/org/springframework/spring-context/5.2.6.RELEASE/spring-context-5.2.6.RELEASE.jar:/Users/zhuyunlong/Documents/work/tools/m2/org/springframework/spring-expression/5.2.6.RELEASE/spring-expression-5.2.6.RELEASE.jar:/Users/zhuyunlong/Documents/work/tools/m2/org/springframework/boot/spring-boot-starter-thymeleaf/2.2.6.RELEASE/spring-boot-starter-thymeleaf-2.2.6.RELEASE.jar:/Users/zhuyunlong/Documents/work/tools/m2/org/thymeleaf/thymeleaf-spring5/3.0.11.RELEASE/thymeleaf-spring5-3.0.11.RELEASE.jar:/Users/zhuyunlong/Documents/work/tools/m2/org/thymeleaf/thymeleaf/3.0.11.RELEASE/thymeleaf-3.0.11.RELEASE.jar:/Users/zhuyunlong/Documents/work/tools/m2/org/attoparser/attoparser/2.0.5.RELEASE/attoparser-2.0.5.RELEASE.jar:/Users/zhuyunlong/Documents/work/tools/m2/org/unbescape/unbescape/1.1.6.RELEASE/unbescape-1.1.6.RELEASE.jar:/Users/zhuyunlong/Documents/work/tools/m2/org/thymeleaf/extras/thymeleaf-extras-java8time/3.0.4.RELEASE/thymeleaf-extras-java8time-3.0.4.RELEASE.jar:/Users/zhuyunlong/Documents/work/tools/m2/commons-io/commons-io/2.6/commons-io-2.6.jar:/Users/zhuyunlong/Documents/work/tools/m2/org/apache/commons/commons-collections4/4.2/commons-collections4-4.2.jar:/Users/zhuyunlong/Documents/work/tools/m2/org/apache/commons/commons-lang3/3.10/commons-lang3-3.10.jar:/Users/zhuyunlong/Documents/work/tools/m2/com/alibaba/fastjson/1.2.68/fastjson-1.2.68.jar:/Users/zhuyunlong/Documents/work/tools/m2/org/springframework/boot/spring-boot-devtools/2.3.0.RELEASE/spring-boot-devtools-2.3.0.RELEASE.jar:/Users/zhuyunlong/Documents/work/tools/m2/org/springframework/boot/spring-boot/2.3.0.RELEASE/spring-boot-2.3.0.RELEASE.jar:/Users/zhuyunlong/Documents/work/tools/m2/org/springframework/boot/spring-boot-autoconfigure/2.3.0.RELEASE/spring-boot-autoconfigure-2.3.0.RELEASE.jar:/Users/zhuyunlong/Documents/work/tools/m2/org/apache/shiro/shiro-core/1.2.2/shiro-core-1.2.2.jar:/Users/zhuyunlong/Documents/work/tools/m2/org/slf4j/slf4j-api/1.7.30/slf4j-api-1.7.30.jar:/Users/zhuyunlong/Documents/work/tools/m2/commons-beanutils/commons-beanutils/1.8.3/commons-beanutils-1.8.3.jar:/Users/zhuyunlong/Documents/work/tools/m2/junit/junit/4.13/junit-4.13.jar:/Users/zhuyunlong/Documents/work/tools/m2/org/hamcrest/hamcrest-core/2.2/hamcrest-core-2.2.jar:/Users/zhuyunlong/Documents/work/tools/m2/org/hamcrest/hamcrest/2.2/hamcrest-2.2.jar:/Users/zhuyunlong/Documents/work/tools/m2/org/apache/shiro/shiro-spring/1.4.0/shiro-spring-1.4.0.jar:/Users/zhuyunlong/Documents/work/tools/m2/org/apache/shiro/shiro-web/1.4.0/shiro-web-1.4.0.jar:"/>
    <property name="java.vm.vendor" value="Oracle Corporation"/>
    <property name="sun.arch.data.model" value="64"/>
    <property name="java.vendor.url" value="http://java.oracle.com/"/>
    <property name="user.timezone" value=""/>
    <property name="java.vm.specification.version" value="1.8"/>
    <property name="os.name" value="Mac OS X"/>
    <property name="user.country" value="CN"/>
    <property name="sun.java.launcher" value="SUN_STANDARD"/>
    <property name="sun.boot.library.path" value="/Library/Java/JavaVirtualMachines/jdk1.8.0_221.jdk/Contents/Home/jre/lib"/>
    <property name="sun.java.command" value="/Users/zhuyunlong/Documents/work/gmcf/springboot-module/springboot-web-module/target/surefire/surefirebooter6979664311354506958.jar /Users/zhuyunlong/Documents/work/gmcf/springboot-module/springboot-web-module/target/surefire 2020-06-05T15-10-09_129-jvmRun1 surefire7397341695581894359tmp surefire_04389546033549767165tmp"/>
    <property name="surefire.test.class.path" value="/Users/zhuyunlong/Documents/work/gmcf/springboot-module/springboot-web-module/target/test-classes:/Users/zhuyunlong/Documents/work/gmcf/springboot-module/springboot-web-module/target/classes:/Users/zhuyunlong/Documents/work/gmcf/springboot-module/springboot-dal-module/target/springboot-dal-module-1.0-SNAPSHOT.jar:/Users/zhuyunlong/Documents/work/tools/m2/org/mybatis/spring/boot/mybatis-spring-boot-starter/2.1.2/mybatis-spring-boot-starter-2.1.2.jar:/Users/zhuyunlong/Documents/work/tools/m2/org/springframework/boot/spring-boot-starter-jdbc/2.3.0.RELEASE/spring-boot-starter-jdbc-2.3.0.RELEASE.jar:/Users/zhuyunlong/Documents/work/tools/m2/com/zaxxer/HikariCP/3.4.5/HikariCP-3.4.5.jar:/Users/zhuyunlong/Documents/work/tools/m2/org/springframework/spring-jdbc/5.2.6.RELEASE/spring-jdbc-5.2.6.RELEASE.jar:/Users/zhuyunlong/Documents/work/tools/m2/org/mybatis/spring/boot/mybatis-spring-boot-autoconfigure/2.1.2/mybatis-spring-boot-autoconfigure-2.1.2.jar:/Users/zhuyunlong/Documents/work/tools/m2/org/mybatis/mybatis/3.5.4/mybatis-3.5.4.jar:/Users/zhuyunlong/Documents/work/tools/m2/org/mybatis/mybatis-spring/2.0.4/mybatis-spring-2.0.4.jar:/Users/zhuyunlong/Documents/work/tools/m2/com/alibaba/druid/1.1.22/druid-1.1.22.jar:/Users/zhuyunlong/Documents/work/tools/m2/mysql/mysql-connector-java/8.0.20/mysql-connector-java-8.0.20.jar:/Users/zhuyunlong/Documents/work/tools/m2/org/mybatis/generator/mybatis-generator-core/1.3.5/mybatis-generator-core-1.3.5.jar:/Users/zhuyunlong/Documents/work/gmcf/springboot-module/springboot-utils-module/target/springboot-utils-module-1.0-SNAPSHOT.jar:/Users/zhuyunlong/Documents/work/gmcf/springboot-module/springboot-service-module/target/springboot-service-module-1.0-SNAPSHOT.jar:/Users/zhuyunlong/Documents/work/tools/m2/org/springframework/boot/spring-boot-starter-cache/2.3.0.RELEASE/spring-boot-starter-cache-2.3.0.RELEASE.jar:/Users/zhuyunlong/Documents/work/tools/m2/org/springframework/spring-context-support/5.2.6.RELEASE/spring-context-support-5.2.6.RELEASE.jar:/Users/zhuyunlong/Documents/work/tools/m2/org/springframework/boot/spring-boot-starter-data-redis/2.3.0.RELEASE/spring-boot-starter-data-redis-2.3.0.RELEASE.jar:/Users/zhuyunlong/Documents/work/tools/m2/org/springframework/data/spring-data-redis/2.3.0.RELEASE/spring-data-redis-2.3.0.RELEASE.jar:/Users/zhuyunlong/Documents/work/tools/m2/org/springframework/data/spring-data-keyvalue/2.3.0.RELEASE/spring-data-keyvalue-2.3.0.RELEASE.jar:/Users/zhuyunlong/Documents/work/tools/m2/org/springframework/data/spring-data-commons/2.3.0.RELEASE/spring-data-commons-2.3.0.RELEASE.jar:/Users/zhuyunlong/Documents/work/tools/m2/org/springframework/spring-tx/5.2.6.RELEASE/spring-tx-5.2.6.RELEASE.jar:/Users/zhuyunlong/Documents/work/tools/m2/org/springframework/spring-oxm/5.2.6.RELEASE/spring-oxm-5.2.6.RELEASE.jar:/Users/zhuyunlong/Documents/work/tools/m2/io/lettuce/lettuce-core/5.3.0.RELEASE/lettuce-core-5.3.0.RELEASE.jar:/Users/zhuyunlong/Documents/work/tools/m2/io/netty/netty-common/4.1.49.Final/netty-common-4.1.49.Final.jar:/Users/zhuyunlong/Documents/work/tools/m2/io/netty/netty-handler/4.1.49.Final/netty-handler-4.1.49.Final.jar:/Users/zhuyunlong/Documents/work/tools/m2/io/netty/netty-resolver/4.1.49.Final/netty-resolver-4.1.49.Final.jar:/Users/zhuyunlong/Documents/work/tools/m2/io/netty/netty-buffer/4.1.49.Final/netty-buffer-4.1.49.Final.jar:/Users/zhuyunlong/Documents/work/tools/m2/io/netty/netty-codec/4.1.49.Final/netty-codec-4.1.49.Final.jar:/Users/zhuyunlong/Documents/work/tools/m2/io/netty/netty-transport/4.1.49.Final/netty-transport-4.1.49.Final.jar:/Users/zhuyunlong/Documents/work/tools/m2/io/projectreactor/reactor-core/3.3.5.RELEASE/reactor-core-3.3.5.RELEASE.jar:/Users/zhuyunlong/Documents/work/tools/m2/org/reactivestreams/reactive-streams/1.0.3/reactive-streams-1.0.3.jar:/Users/zhuyunlong/Documents/work/tools/m2/com/fasterxml/jackson/core/jackson-databind/2.11.0/jackson-databind-2.11.0.jar:/Users/zhuyunlong/Documents/work/tools/m2/com/fasterxml/jackson/core/jackson-annotations/2.11.0/jackson-annotations-2.11.0.jar:/Users/zhuyunlong/Documents/work/tools/m2/com/fasterxml/jackson/core/jackson-core/2.11.0/jackson-core-2.11.0.jar:/Users/zhuyunlong/Documents/work/tools/m2/ma/glasnost/orika/orika-core/1.5.4/orika-core-1.5.4.jar:/Users/zhuyunlong/Documents/work/tools/m2/org/javassist/javassist/3.24.0-GA/javassist-3.24.0-GA.jar:/Users/zhuyunlong/Documents/work/tools/m2/com/thoughtworks/paranamer/paranamer/2.8/paranamer-2.8.jar:/Users/zhuyunlong/Documents/work/tools/m2/com/carrotsearch/java-sizeof/0.0.5/java-sizeof-0.0.5.jar:/Users/zhuyunlong/Documents/work/tools/m2/org/codehaus/janino/janino/3.1.2/janino-3.1.2.jar:/Users/zhuyunlong/Documents/work/tools/m2/org/codehaus/janino/commons-compiler/3.1.2/commons-compiler-3.1.2.jar:/Users/zhuyunlong/Documents/work/tools/m2/org/springframework/boot/spring-boot-starter-web/2.3.0.RELEASE/spring-boot-starter-web-2.3.0.RELEASE.jar:/Users/zhuyunlong/Documents/work/tools/m2/org/springframework/boot/spring-boot-starter/2.3.0.RELEASE/spring-boot-starter-2.3.0.RELEASE.jar:/Users/zhuyunlong/Documents/work/tools/m2/org/springframework/boot/spring-boot-starter-logging/2.3.0.RELEASE/spring-boot-starter-logging-2.3.0.RELEASE.jar:/Users/zhuyunlong/Documents/work/tools/m2/ch/qos/logback/logback-classic/1.2.3/logback-classic-1.2.3.jar:/Users/zhuyunlong/Documents/work/tools/m2/ch/qos/logback/logback-core/1.2.3/logback-core-1.2.3.jar:/Users/zhuyunlong/Documents/work/tools/m2/org/apache/logging/log4j/log4j-to-slf4j/2.13.2/log4j-to-slf4j-2.13.2.jar:/Users/zhuyunlong/Documents/work/tools/m2/org/apache/logging/log4j/log4j-api/2.13.2/log4j-api-2.13.2.jar:/Users/zhuyunlong/Documents/work/tools/m2/org/slf4j/jul-to-slf4j/1.7.30/jul-to-slf4j-1.7.30.jar:/Users/zhuyunlong/Documents/work/tools/m2/jakarta/annotation/jakarta.annotation-api/1.3.5/jakarta.annotation-api-1.3.5.jar:/Users/zhuyunlong/Documents/work/tools/m2/org/springframework/spring-core/5.2.6.RELEASE/spring-core-5.2.6.RELEASE.jar:/Users/zhuyunlong/Documents/work/tools/m2/org/springframework/spring-jcl/5.2.6.RELEASE/spring-jcl-5.2.6.RELEASE.jar:/Users/zhuyunlong/Documents/work/tools/m2/org/yaml/snakeyaml/1.26/snakeyaml-1.26.jar:/Users/zhuyunlong/Documents/work/tools/m2/org/springframework/boot/spring-boot-starter-json/2.3.0.RELEASE/spring-boot-starter-json-2.3.0.RELEASE.jar:/Users/zhuyunlong/Documents/work/tools/m2/com/fasterxml/jackson/datatype/jackson-datatype-jdk8/2.11.0/jackson-datatype-jdk8-2.11.0.jar:/Users/zhuyunlong/Documents/work/tools/m2/com/fasterxml/jackson/datatype/jackson-datatype-jsr310/2.11.0/jackson-datatype-jsr310-2.11.0.jar:/Users/zhuyunlong/Documents/work/tools/m2/com/fasterxml/jackson/module/jackson-module-parameter-names/2.11.0/jackson-module-parameter-names-2.11.0.jar:/Users/zhuyunlong/Documents/work/tools/m2/org/springframework/boot/spring-boot-starter-tomcat/2.3.0.RELEASE/spring-boot-starter-tomcat-2.3.0.RELEASE.jar:/Users/zhuyunlong/Documents/work/tools/m2/org/apache/tomcat/embed/tomcat-embed-core/9.0.35/tomcat-embed-core-9.0.35.jar:/Users/zhuyunlong/Documents/work/tools/m2/org/glassfish/jakarta.el/3.0.3/jakarta.el-3.0.3.jar:/Users/zhuyunlong/Documents/work/tools/m2/org/apache/tomcat/embed/tomcat-embed-websocket/9.0.35/tomcat-embed-websocket-9.0.35.jar:/Users/zhuyunlong/Documents/work/tools/m2/org/springframework/spring-web/5.2.6.RELEASE/spring-web-5.2.6.RELEASE.jar:/Users/zhuyunlong/Documents/work/tools/m2/org/springframework/spring-beans/5.2.6.RELEASE/spring-beans-5.2.6.RELEASE.jar:/Users/zhuyunlong/Documents/work/tools/m2/org/springframework/spring-webmvc/5.2.6.RELEASE/spring-webmvc-5.2.6.RELEASE.jar:/Users/zhuyunlong/Documents/work/tools/m2/org/springframework/spring-aop/5.2.6.RELEASE/spring-aop-5.2.6.RELEASE.jar:/Users/zhuyunlong/Documents/work/tools/m2/org/springframework/spring-context/5.2.6.RELEASE/spring-context-5.2.6.RELEASE.jar:/Users/zhuyunlong/Documents/work/tools/m2/org/springframework/spring-expression/5.2.6.RELEASE/spring-expression-5.2.6.RELEASE.jar:/Users/zhuyunlong/Documents/work/tools/m2/org/springframework/boot/spring-boot-starter-thymeleaf/2.2.6.RELEASE/spring-boot-starter-thymeleaf-2.2.6.RELEASE.jar:/Users/zhuyunlong/Documents/work/tools/m2/org/thymeleaf/thymeleaf-spring5/3.0.11.RELEASE/thymeleaf-spring5-3.0.11.RELEASE.jar:/Users/zhuyunlong/Documents/work/tools/m2/org/thymeleaf/thymeleaf/3.0.11.RELEASE/thymeleaf-3.0.11.RELEASE.jar:/Users/zhuyunlong/Documents/work/tools/m2/org/attoparser/attoparser/2.0.5.RELEASE/attoparser-2.0.5.RELEASE.jar:/Users/zhuyunlong/Documents/work/tools/m2/org/unbescape/unbescape/1.1.6.RELEASE/unbescape-1.1.6.RELEASE.jar:/Users/zhuyunlong/Documents/work/tools/m2/org/thymeleaf/extras/thymeleaf-extras-java8time/3.0.4.RELEASE/thymeleaf-extras-java8time-3.0.4.RELEASE.jar:/Users/zhuyunlong/Documents/work/tools/m2/commons-io/commons-io/2.6/commons-io-2.6.jar:/Users/zhuyunlong/Documents/work/tools/m2/org/apache/commons/commons-collections4/4.2/commons-collections4-4.2.jar:/Users/zhuyunlong/Documents/work/tools/m2/org/apache/commons/commons-lang3/3.10/commons-lang3-3.10.jar:/Users/zhuyunlong/Documents/work/tools/m2/com/alibaba/fastjson/1.2.68/fastjson-1.2.68.jar:/Users/zhuyunlong/Documents/work/tools/m2/org/springframework/boot/spring-boot-devtools/2.3.0.RELEASE/spring-boot-devtools-2.3.0.RELEASE.jar:/Users/zhuyunlong/Documents/work/tools/m2/org/springframework/boot/spring-boot/2.3.0.RELEASE/spring-boot-2.3.0.RELEASE.jar:/Users/zhuyunlong/Documents/work/tools/m2/org/springframework/boot/spring-boot-autoconfigure/2.3.0.RELEASE/spring-boot-autoconfigure-2.3.0.RELEASE.jar:/Users/zhuyunlong/Documents/work/tools/m2/org/apache/shiro/shiro-core/1.2.2/shiro-core-1.2.2.jar:/Users/zhuyunlong/Documents/work/tools/m2/org/slf4j/slf4j-api/1.7.30/slf4j-api-1.7.30.jar:/Users/zhuyunlong/Documents/work/tools/m2/commons-beanutils/commons-beanutils/1.8.3/commons-beanutils-1.8.3.jar:/Users/zhuyunlong/Documents/work/tools/m2/junit/junit/4.13/junit-4.13.jar:/Users/zhuyunlong/Documents/work/tools/m2/org/hamcrest/hamcrest-core/2.2/hamcrest-core-2.2.jar:/Users/zhuyunlong/Documents/work/tools/m2/org/hamcrest/hamcrest/2.2/hamcrest-2.2.jar:/Users/zhuyunlong/Documents/work/tools/m2/org/apache/shiro/shiro-spring/1.4.0/shiro-spring-1.4.0.jar:/Users/zhuyunlong/Documents/work/tools/m2/org/apache/shiro/shiro-web/1.4.0/shiro-web-1.4.0.jar:"/>
    <property name="sun.cpu.endian" value="little"/>
    <property name="user.home" value="/Users/zhuyunlong"/>
    <property name="user.language" value="zh"/>
    <property name="java.specification.vendor" value="Oracle Corporation"/>
    <property name="java.home" value="/Library/Java/JavaVirtualMachines/jdk1.8.0_221.jdk/Contents/Home/jre"/>
    <property name="basedir" value="/Users/zhuyunlong/Documents/work/gmcf/springboot-module/springboot-web-module"/>
    <property name="file.separator" value="/"/>
    <property name="line.separator" value="&#10;"/>
    <property name="java.vm.specification.vendor" value="Oracle Corporation"/>
    <property name="java.specification.name" value="Java Platform API Specification"/>
    <property name="java.awt.graphicsenv" value="sun.awt.CGraphicsEnvironment"/>
    <property name="surefire.real.class.path" value="/Users/zhuyunlong/Documents/work/gmcf/springboot-module/springboot-web-module/target/surefire/surefirebooter6979664311354506958.jar"/>
    <property name="sun.boot.class.path" value="/Library/Java/JavaVirtualMachines/jdk1.8.0_221.jdk/Contents/Home/jre/lib/resources.jar:/Library/Java/JavaVirtualMachines/jdk1.8.0_221.jdk/Contents/Home/jre/lib/rt.jar:/Library/Java/JavaVirtualMachines/jdk1.8.0_221.jdk/Contents/Home/jre/lib/sunrsasign.jar:/Library/Java/JavaVirtualMachines/jdk1.8.0_221.jdk/Contents/Home/jre/lib/jsse.jar:/Library/Java/JavaVirtualMachines/jdk1.8.0_221.jdk/Contents/Home/jre/lib/jce.jar:/Library/Java/JavaVirtualMachines/jdk1.8.0_221.jdk/Contents/Home/jre/lib/charsets.jar:/Library/Java/JavaVirtualMachines/jdk1.8.0_221.jdk/Contents/Home/jre/lib/jfr.jar:/Library/Java/JavaVirtualMachines/jdk1.8.0_221.jdk/Contents/Home/jre/classes"/>
    <property name="sun.management.compiler" value="HotSpot 64-Bit Tiered Compilers"/>
    <property name="java.runtime.version" value="1.8.0_221-b11"/>
    <property name="user.name" value="zhuyunlong"/>
    <property name="path.separator" value=":"/>
    <property name="os.version" value="10.14.5"/>
    <property name="java.endorsed.dirs" value="/Library/Java/JavaVirtualMachines/jdk1.8.0_221.jdk/Contents/Home/jre/lib/endorsed"/>
    <property name="java.runtime.name" value="Java(TM) SE Runtime Environment"/>
    <property name="file.encoding" value="UTF-8"/>
    <property name="java.vm.name" value="Java HotSpot(TM) 64-Bit Server VM"/>
    <property name="localRepository" value="/Users/zhuyunlong/Documents/work/tools/m2"/>
    <property name="java.vendor.url.bug" value="http://bugreport.sun.com/bugreport/"/>
    <property name="java.io.tmpdir" value="/var/folders/mt/42rqlw3s31l5jp8tz_m5r86h0000gn/T/"/>
    <property name="java.version" value="1.8.0_221"/>
    <property name="user.dir" value="/Users/zhuyunlong/Documents/work/gmcf/springboot-module/springboot-web-module"/>
    <property name="os.arch" value="x86_64"/>
    <property name="java.vm.specification.name" value="Java Virtual Machine Specification"/>
    <property name="java.awt.printerjob" value="sun.lwawt.macosx.CPrinterJob"/>
    <property name="sun.os.patch.level" value="unknown"/>
    <property name="idea.version2019.3.4" value="true"/>
    <property name="java.library.path" value="/Users/zhuyunlong/Library/Java/Extensions:/Library/Java/Extensions:/Network/Library/Java/Extensions:/System/Library/Java/Extensions:/usr/lib/java:."/>
    <property name="java.vm.info" value="mixed mode"/>
    <property name="java.vendor" value="Oracle Corporation"/>
    <property name="java.vm.version" value="25.221-b11"/>
    <property name="java.ext.dirs" value="/Users/zhuyunlong/Library/Java/Extensions:/Library/Java/JavaVirtualMachines/jdk1.8.0_221.jdk/Contents/Home/jre/lib/ext:/Library/Java/Extensions:/Network/Library/Java/Extensions:/System/Library/Java/Extensions:/usr/lib/java"/>
    <property name="sun.io.unicode.encoding" value="UnicodeBig"/>
    <property name="maven.repo.local" value="/Users/zhuyunlong/Documents/work/tools/m2"/>
    <property name="java.class.version" value="52.0"/>
  </properties>
  <testcase name="test" classname="com.springboot.demo.test.shiroTest.ShiroTest" time="0.123"/>
</testsuite>